<?xml version="1.0" encoding="UTF-8"?>
<testsuite xmlns:xsi="http://www.w3.org/2001/XMLSchema-instance" xsi:noNamespaceSchemaLocation="https://maven.apache.org/surefire/maven-surefire-plugin/xsd/surefire-test-report-3.0.xsd" version="3.0" name="com.supermap.udbx.spec.SmFieldInfoDaoSpecTest" time="0.041" tests="8" errors="0" skipped="0" failures="0">
  <properties>
[...]
</properties>
  <testcase name="should_find_name_field_with_ntext_type" classname="com.supermap.udbx.spec.SmFieldInfoDaoSpecTest" time="0.002"/>
  <testcase name="should_find_smid_field_with_required_true" classname="com.supermap.udbx.spec.SmFieldInfoDaoSpecTest" time="0.005"/>
  <testcase name="should_find_smgeometry_field_with_text_type" classname="com.supermap.udbx.spec.SmFieldInfoDaoSpecTest" time="0.002"/>
  <testcase name="should_find_fields_by_dataset_id" classname="com.supermap.udbx.spec.SmFieldInfoDaoSpecTest" time="0.003"/>
  <testcase name="should_find_code_field_with_int32_type" classname="com.supermap.udbx.spec.SmFieldInfoDaoSpecTest" time="0.004"/>
  <testcase name="should_find_fields_for_region_dataset" classname="com.supermap.udbx.spec.SmFieldInfoDaoSpecTest" time="0.008"/>
  <testcase name="should_find_fields_for_line_dataset" classname="com.supermap.udbx.spec.SmFieldInfoDaoSpecTest" time="0.008"/>
  <testcase name="should_return_empty_for_nonexistent_field" classname="com.supermap.udbx.spec.SmFieldInfoDaoSpecTest" time="0.005"/>
</testsuite>