<?xml version="1.0" encoding="UTF-8"?>
<testsuite xmlns:xsi="http://www.w3.org/2001/XMLSchema-instance" xsi:noNamespaceSchemaLocation="https://maven.apache.org/surefire/maven-surefire-plugin/xsd/surefire-test-report-3.0.xsd" version="3.0" name="com.supermap.udbx.spec.SystemDaoSpecTest" time="0.219" tests="32" errors="0" skipped="0" failures="0">
  <properties>
[...]
</properties>
  <testcase name="geometrycolumns_getSrid_returns_correct_srid_for_registered_table" classname="com.supermap.udbx.spec.SystemDaoSpecTest" time="0.005"/>
  <testcase name="smregister_findByName_returns_correct_type_for_tabular" classname="com.supermap.udbx.spec.SystemDaoSpecTest" time="0.003"/>
  <testcase name="geometrycolumns_getSrid_is_case_insensitive_for_table_name" classname="com.supermap.udbx.spec.SystemDaoSpecTest" time="0.002"/>
  <testcase name="smfieldinfo_findByDatasetId_only_returns_fields_for_target_dataset" classname="com.supermap.udbx.spec.SystemDaoSpecTest" time="0.003"/>
  <testcase name="geometrycolumns_getGeometryType_returns_empty_for_unregistered_table" classname="com.supermap.udbx.spec.SystemDaoSpecTest" time="0.003"/>
  <testcase name="smregister_findByName_returns_empty_for_nonexistent_name" classname="com.supermap.udbx.spec.SystemDaoSpecTest" time="0.002"/>
  <testcase name="smfieldinfo_findByDatasetId_returns_empty_when_no_fields" classname="com.supermap.udbx.spec.SystemDaoSpecTest" time="0.003"/>
  <testcase name="smregister_insert_assigns_sequential_ids_starting_from_one" classname="com.supermap.udbx.spec.SystemDaoSpecTest" time="0.013"/>
  <testcase name="smregister_findAll_returns_all_inserted_datasets" classname="com.supermap.udbx.spec.SystemDaoSpecTest" time="0.003"/>
  <testcase name="smregister_findById_returns_correct_dataset_info" classname="com.supermap.udbx.spec.SystemDaoSpecTest" time="0.003"/>
  <testcase name="smregister_incrementObjectCount_with_blob_increments_count_multiple_times" classname="com.supermap.udbx.spec.SystemDaoSpecTest" time="0.003"/>
  <testcase name="smregister_incrementObjectCount_with_blob_increments_count_and_updates_max_size" classname="com.supermap.udbx.spec.SystemDaoSpecTest" time="0.054"/>
  <testcase name="smfieldinfo_findByDatasetId_returns_inserted_fields" classname="com.supermap.udbx.spec.SystemDaoSpecTest" time="0.008"/>
  <testcase name="smregister_findById_returns_empty_for_nonexistent_id" classname="com.supermap.udbx.spec.SystemDaoSpecTest" time="0.004"/>
  <testcase name="smfieldinfo_findByDatasetIdAndFieldName_returns_correct_field" classname="com.supermap.udbx.spec.SystemDaoSpecTest" time="0.006"/>
  <testcase name="smfieldinfo_findByDatasetIdAndFieldName_returns_empty_for_nonexistent" classname="com.supermap.udbx.spec.SystemDaoSpecTest" time="0.005"/>
  <testcase name="smdatasourceinfo_getVersion_returns_zero_on_fresh_database" classname="com.supermap.udbx.spec.SystemDaoSpecTest" time="0.004"/>
  <testcase name="smregister_findAll_returns_empty_on_fresh_database" classname="com.supermap.udbx.spec.SystemDaoSpecTest" time="0.006"/>
  <testcase name="smregister_decrementObjectCount_does_not_go_below_zero" classname="com.supermap.udbx.spec.SystemDaoSpecTest" time="0.005"/>
  <testcase name="smdatasourceinfo_getDataFormat_returns_one_on_fresh_database" classname="com.supermap.udbx.spec.SystemDaoSpecTest" time="0.005"/>
  <testcase name="smregister_decrementObjectCount_decrements_after_increment" classname="com.supermap.udbx.spec.SystemDaoSpecTest" time="0.005"/>
  <testcase name="smregister_incrementObjectCount_without_blob_increments_count" classname="com.supermap.udbx.spec.SystemDaoSpecTest" time="0.004"/>
  <testcase name="smfieldinfo_insertAll_inserts_all_fields_with_overridden_dataset_id" classname="com.supermap.udbx.spec.SystemDaoSpecTest" time="0.006"/>
  <testcase name="geometrycolumns_getGeometryType_returns_correct_type_for_registered_table" classname="com.supermap.udbx.spec.SystemDaoSpecTest" time="0.005"/>
  <testcase name="geometrycolumns_getGeometryType_is_case_insensitive_for_table_name" classname="com.supermap.udbx.spec.SystemDaoSpecTest" time="0.004"/>
  <testcase name="smregister_findByName_returns_correct_dataset_info" classname="com.supermap.udbx.spec.SystemDaoSpecTest" time="0.006"/>
  <testcase name="smregister_findByName_returns_correct_type_for_cad" classname="com.supermap.udbx.spec.SystemDaoSpecTest" time="0.005"/>
  <testcase name="smregister_findAll_ordered_by_dataset_id" classname="com.supermap.udbx.spec.SystemDaoSpecTest" time="0.005"/>
  <testcase name="smdatasourceinfo_both_version_and_dataformat_present" classname="com.supermap.udbx.spec.SystemDaoSpecTest" time="0.004"/>
  <testcase name="geometrycolumns_getSrid_returns_empty_for_unregistered_table" classname="com.supermap.udbx.spec.SystemDaoSpecTest" time="0.007"/>
  <testcase name="smfieldinfo_findByDatasetId_returns_correct_field_values" classname="com.supermap.udbx.spec.SystemDaoSpecTest" time="0.006"/>
  <testcase name="smfieldinfo_insertAll_with_empty_list_inserts_nothing" classname="com.supermap.udbx.spec.SystemDaoSpecTest" time="0.006"/>
</testsuite>